<?xml version="1.0" encoding="UTF-8"?>
<!-- Generated by org.testng.reporters.JUnitXMLReporter -->
<testsuite ignored="0" hostname="DESKTOP-05KTQHD" failures="1" tests="2" name="Verify User Dashboard Page" time="5.995" errors="0" timestamp="2024-10-28T12:59:23 IST">
  <testcase classname="TestCases.AppTest" name="verifyUserPage" time="0.035"/>
  <testcase classname="TestCases.AppTest" name="searchFlights" time="0.0">
    <failure type="org.testng.TestNGException" message="
Parameter &amp;apos;date&amp;apos; is required by @Test on method searchFlights but has not been marked @Optional or defined
in E:\Automation Projects\POM_FlightBookingService\FlightBookingService.xml">
      <![CDATA[org.testng.TestNGException: 
Parameter 'date' is required by @Test on method searchFlights but has not been marked @Optional or defined
in E:\Automation Projects\POM_FlightBookingService\FlightBookingService.xml
at java.base/java.util.ArrayList.forEach(ArrayList.java:1511)
... Removed 26 stack frames]]>
    </failure>
  </testcase> <!-- searchFlights -->
</testsuite> <!-- Verify User Dashboard Page -->
